#
# There is insufficient memory for the Java Runtime Environment to continue.
# Native memory allocation (malloc) failed to allocate 155696 bytes for Chunk::new
# Possible reasons:
#   The system is out of physical RAM or swap space
#   The process is running with CompressedOops enabled, and the Java Heap may be blocking the growth of the native heap
# Possible solutions:
#   Reduce memory load on the system
#   Increase physical memory or swap space
#   Check if swap backing store is full
#   Decrease Java heap size (-Xmx/-Xms)
#   Decrease number of Java threads
#   Decrease Java thread stack sizes (-Xss)
#   Set larger code cache with -XX:ReservedCodeCacheSize=
#   JVM is running with Zero Based Compressed Oops mode in which the Java heap is
#     placed in the first 32GB address space. The Java Heap base address is the
#     maximum limit for the native heap growth. Please use -XX:HeapBaseMinAddress
#     to set the Java Heap base and to place the Java Heap above 32GB virtual address.
# This output file may be truncated or incomplete.
#
#  Out of Memory Error (./open/src/hotspot/share/memory/arena.cpp:197), pid=24384, tid=20752
#
# JRE version: Java(TM) SE Runtime Environment 18.9 (11.0.8+10) (build 11.0.8+10-LTS)
# Java VM: Java HotSpot(TM) 64-Bit Server VM 18.9 (11.0.8+10-LTS, mixed mode, tiered, compressed oops, g1 gc, windows-amd64)
# No core dump will be written. Minidumps are not enabled by default on client versions of Windows
#

---------------  S U M M A R Y ------------

Command Line: -Dapplication.home=C:\Program Files\Java\jdk-11.0.8 --add-modules=ALL-DEFAULT -Xms8m -Djdk.module.main=jdk.compiler jdk.compiler/com.sun.tools.javac.Main -d C:\Users\Priyanshu Palliwal\Desktop\chatapp\ChatApplication\build\classes -classpath C:\Users\Priyanshu Palliwal\Desktop\chatapp\ChatApplication\build\classes -sourcepath C:\Users\Priyanshu Palliwal\Desktop\chatapp\ChatApplication\src -target 11 -encoding UTF-8 -g -processorpath C:\Users\Priyanshu Palliwal\Desktop\chatapp\ChatApplication\build\empty -s C:\Users\Priyanshu Palliwal\Desktop\chatapp\ChatApplication\build\generated-sources\ap-source-output -source 11 C:\Users\Priyanshu Palliwal\Desktop\chatapp\ChatApplication\src\chatapplication\Server.java

Host: Intel(R) Core(TM) i5-4330M CPU @ 2.80GHz, 4 cores, 9G,  Windows 10 , 64 bit Build 19041 (10.0.19041.662)
Time: Thu Jan  7 19:01:35 2021 India Standard Time elapsed time: 0 seconds (0d 0h 0m 0s)

---------------  T H R E A D  ---------------

Current thread (0x000002a0289ad000):  JavaThread "C2 CompilerThread1" daemon [_thread_in_native, id=20752, stack(0x000000bd4b600000,0x000000bd4b700000)]


Current CompileTask:
C2:    112  150       4       java.util.HashMap::putVal (300 bytes)

Stack: [0x000000bd4b600000,0x000000bd4b700000]
Native frames: (J=compiled Java code, j=interpreted, Vv=VM code, C=native code)
V  [jvm.dll+0x601aea]
V  [jvm.dll+0x737fef]
V  [jvm.dll+0x739675]
