#
# There is insufficient memory for the Java Runtime Environment to continue.
# Native memory allocation (malloc) failed to allocate 233456 bytes for Chunk::new
# Possible reasons:
#   The system is out of physical RAM or swap space
#   The process is running with CompressedOops enabled, and the Java Heap may be blocking the growth of the native heap
# Possible solutions:
#   Reduce memory load on the system
#   Increase physical memory or swap space
#   Check if swap backing store is full
#   Decrease Java heap size (-Xmx/-Xms)
#   Decrease number of Java threads
#   Decrease Java thread stack sizes (-Xss)
#   Set larger code cache with -XX:ReservedCodeCacheSize=
#   JVM is running with Zero Based Compressed Oops mode in which the Java heap is
#     placed in the first 32GB address space. The Java Heap base address is the
#     maximum limit for the native heap growth. Please use -XX:HeapBaseMinAddress
#     to set the Java Heap base and to place the Java Heap above 32GB virtual address.
# This output file may be truncated or incomplete.
#
#  Out of Memory Error (./open/src/hotspot/share/memory/arena.cpp:197), pid=24556, tid=9316
#
# JRE version: Java(TM) SE Runtime Environment 18.9 (11.0.8+10) (build 11.0.8+10-LTS)
# Java VM: Java HotSpot(TM) 64-Bit Server VM 18.9 (11.0.8+10-LTS, mixed mode, tiered, compressed oops, g1 gc, windows-amd64)
# No core dump will be written. Minidumps are not enabled by default on client versions of Windows
#

---------------  S U M M A R Y ------------

Command Line: -Dapplication.home=C:\Program Files\Java\jdk-11.0.8 --add-modules=ALL-DEFAULT -Xms8m -Djdk.module.main=jdk.compiler jdk.compiler/com.sun.tools.javac.Main -d C:\Users\Priyanshu Palliwal\Desktop\chatapp\ChatApplication\build\classes -classpath C:\Users\Priyanshu Palliwal\Desktop\chatapp\ChatApplication\build\classes -sourcepath C:\Users\Priyanshu Palliwal\Desktop\chatapp\ChatApplication\src -target 11 -encoding UTF-8 -g -processorpath C:\Users\Priyanshu Palliwal\Desktop\chatapp\ChatApplication\build\empty -s C:\Users\Priyanshu Palliwal\Desktop\chatapp\ChatApplication\build\generated-sources\ap-source-output -source 11 C:\Users\Priyanshu Palliwal\Desktop\chatapp\ChatApplication\src\chatapplication\Server.java

Host: Intel(R) Core(TM) i5-4330M CPU @ 2.80GHz, 4 cores, 9G,  Windows 10 , 64 bit Build 19041 (10.0.19041.662)
Time: Thu Jan  7 19:01:56 2021 India Standard Time elapsed time: 0 seconds (0d 0h 0m 0s)

---------------  T H R E A D  ---------------

Current thread (0x000001a336034000):  JavaThread "C2 CompilerThread0" daemon [_thread_in_native, id=9316, stack(0x00000006b8d00000,0x00000006b8e00000)]


Current CompileTask:
C2:    187  164       4       java.util.HashMap::putVal (300 bytes)

Stack: [0x00000006b8d00000,0x00000006b8e00000]
Native frames: (J=compiled Java code, j=interpreted, Vv=VM code, C=native code)
V  [jvm.dll+0x601aea]
V  [jvm.dll+0x737fef]
V  [jvm.dll+0x739675]
V  [jvm.dll+0x739cf3]
V  [jvm.dll+0x242848]
V  [jvm.dll+0xb999c]
V  [jvm.dll+0xb9f2c]
V  [jvm.dll+0x344162]
V  [jvm.dll+0x312003]
V  [jvm.dll+0x31134a]
V  [jvm.dll+0x1fc2e5]
V  [jvm.dll+0x1fb49f]
V  [jvm.dll+0x17e0fc]
V  [jvm.dll+0x20aaa4]
V  [jvm.dll+0x208b7b]
V  [jvm.dll+0x6ff90c]
V  [jvm.dll+0x6f845c]
V  [jvm.dll+0x600d66]
C  [ucrtbase.dll+0x214c2]
C  [KERNEL32.DLL+0x17034]
C  [ntdll.dll+0x4d0d1]


---------------  P R O C E S S  ---------------

Threads class SMR info:
_java_thread_list=0x000001a3362f2f00, length=10, elements={
0x000001a315915800, 0x000001a335fa0800, 0x000001a335fce800, 0x000001a33602f800,
0x000001a336031800, 0x000001a336034000, 0x000001a335fdc000, 0x000001a335fe3800,
0x000001a3362af800, 0x000001a33636f800
}

Java Threads: ( => current thread )
  0x000001a315915800 JavaThread "main" [_thread_blocked, id=14208, stack(0x00000006b8200000,0x00000006b8300000)]
  0x000001a335fa0800 JavaThread "Reference Handler" daemon [_thread_blocked, id=22712, stack(0x00000006b8900000,0x00000006b8a00000)]
  0x000001a335fce800 JavaThread "Finalizer" daemon [_thread_blocked, id=24472, stack(0x00000006b8a00000,0x00000006b8b00000)]
  0x000001a33602f800 JavaThread "Signal Dispatcher" daemon [_thread_blocked, id=5440, stack(0x00000006b8b00000,0x00000006b8c00000)]
  0x000001a336031800 JavaThread "Attach Listener" daemon [_thread_blocked, id=20416, stack(0x00000006b8c00000,0x00000006b8d00000)]
=>0x000001a336034000 JavaThread "C2 CompilerThread0" daemon [_thread_in_native, id=9316, stack(0x00000006b8d00000,0x00000006b8e00000)]
  0x000001a335fdc000 JavaThread "C1 CompilerThread0" daemon [_thread_blocked, id=9764, stack(0x00000006b8e00000,0x00000006b8f00000)]
  0x000001a335fe3800 JavaThread "Sweeper thread" daemon [_thread_blocked, id=23644, stack(0x00000006b8f00000,0x00000006b9000000)]
  0x000001a3362af800 JavaThread "Common-Cleaner" daemon [_thread_blocked, id=21548, stack(0x00000006b9000000,0x00000006b9100000)]
  0x000001a33636f800 JavaThread "Service Thread" daemon [_thread_blocked, id=10604, stack(0x00000006b9100000,0x00000006b9200000)]

Other Threads:
  0x000001a335f9d800 VMThread "VM Thread" [stack: 0x00000006b8800000,0x00000006b8900000] [id=23820]
  0x000001a336375000 WatcherThread [stack: 0x00000006b9200000,0x00000006b9300000] [id=20444]
  0x000001a31592c800 GCTaskThread "GC Thread#0" [stack: 0x00000006b8300000,0x00000006b8400000] [id=10000]
  0x000001a336383800 GCTaskThread "GC Thread#1" [stack: 0x00000006b9300000,0x00000006b9400000] [id=12652]
  0x000001a315969000 ConcurrentGCThread "G1 Main Marker" [stack: 0x00000006b8400000,0x00000006b8500000] [id=13204]
  0x000001a31596a800 ConcurrentGCThread "G1 Conc#0" [stack: 0x00000006b8500000,0x00000006b8600000] [id=8832]
  0x000001a315985800 ConcurrentGCThread "G1 Refine#0" [stack: 0x00000006b8600000,0x00000006b8700000] [id=20856]
  0x000001a315986800 ConcurrentGCThread "G1 Young RemSet Sampling" [stack: 0x00000006b8700000,0x00000006b8800000] [id=23900]

Threads with active compile tasks:
C2 CompilerThread0    480  164       4       java.util.HashMap::putVal (300 bytes)

VM state:at safepoint (normal execution)

VM Mutex/Monitor currently owned by a thread:  ([mutex/lock_event])
[0x000001a315913eb0] Threads_lock - owner thread: 0x000001a335f9d800
[0x000001a315913e20] Heap_lock - owner thread: 0x000001a315915800

Heap address: 0x0000000761400000, size: 2540 MB, Compressed Oops mode: Zero based, Oop shift amount: 3
Narrow klass base: 0x0000000800000000, Narrow klass shift: 0
Compressed class space size: 1073741824 Address: 0x0000000800000000

Heap:
 garbage-first heap   total 8192K, used 824K [0x0000000761400000, 0x0000000800000000)
  region size 1024K, 1 young (1024K), 1 survivors (1024K)
 Metaspace       used 5276K, capacity 5303K, committed 5376K, reserved 1071104K
  class space    used 451K, capacity 470K, committed 512K, reserved 1048576K
Heap Regions: E=young(eden), S=young(survivor), O=old, HS=humongous(starts), HC=humongous(continues), CS=collection set, F=free, A=archive, TAMS=top-at-mark-start (previous, next)
|   0|0x0000000761400000, 0x00000007614adc00, 0x0000000761500000| 67%| O|  |TAMS 0x0000000761400000, 0x00000007614adc00| Untracked 
|   1|0x0000000761500000, 0x0000000761500000, 0x0000000761600000|  0%| F|  |TAMS 0x0000000761500000, 0x0000000761500000| Untracked 
|   2|0x0000000761600000, 0x0000000761600000, 0x0000000761700000|  0%| F|  |TAMS 0x0000000761600000, 0x0000000761600000| Untracked 
|   3|0x0000000761700000, 0x0000000761700000, 0x0000000761800000|  0%| F|  |TAMS 0x0000000761700000, 0x0000000761700000| Untracked 
|   4|0x0000000761800000, 0x0000000761800000, 0x0000000761900000|  0%| F|  |TAMS 0x0000000761800000, 0x0000000761800000| Untracked 
|   5|0x0000000761900000, 0x0000000761900000, 0x0000000761a00000|  0%| F|  |TAMS 0x0000000761900000, 0x0000000761900000| Untracked 
|   6|0x0000000761a00000, 0x0000000761a206a0, 0x0000000761b00000| 12%| S|CS|TAMS 0x0000000761a00000, 0x0000000761a00000| Complete 
|   7|0x0000000761b00000, 0x0000000761b00000, 0x0000000761c00000|  0%| F|  |TAMS 0x0000000761b00000, 0x0000000761b00000| Untracked 

Card table byte_map: [0x000001a32d880000,0x000001a32dd80000] _byte_map_base: 0x000001a329d76000

Marking Bits (Prev, Next): (CMBitMap*) 0x000001a31595e610, (CMBitMap*) 0x000001a31595e5d8
 Prev Bits: [0x000001a330a30000, 0x000001a3331e0000)
 Next Bits: [0x000001a32e280000, 0x000001a330a30000)

Polling page: 0x000001a31dd30000

Metaspace:

Usage:
  Non-class:      4.72 MB capacity,     4.71 MB (>99%) used,     5.85 KB ( <1%) free+waste,     2.25 KB ( <1%) overhead. 
      Class:    470.00 KB capacity,   451.10 KB ( 96%) used,    17.59 KB (  4%) free+waste,     1.31 KB ( <1%) overhead. 
       Both:      5.18 MB capacity,     5.15 MB (>99%) used,    23.44 KB ( <1%) free+waste,     3.56 KB ( <1%) overhead. 

Virtual space:
  Non-class space:       22.00 MB reserved,       4.75 MB ( 22%) committed 
      Class space:        1.00 GB reserved,     512.00 KB ( <1%) committed 
             Both:        1.02 GB reserved,       5.25 MB ( <1%) committed 

Chunk freelists:
   Non-Class:  3.88 KB
       Class:  1.25 KB
        Both:  5.13 KB

CodeHeap 'non-profiled nmethods': size=120064Kb used=46Kb max_used=46Kb free=120017Kb
 bounds [0x000001a325810000, 0x000001a325a80000, 0x000001a32cd50000]
CodeHeap 'profiled nmethods': size=120000Kb used=222Kb max_used=222Kb free=119777Kb
 bounds [0x000001a31e2e0000, 0x000001a31e550000, 0x000001a325810000]
CodeHeap 'non-nmethods': size=5696Kb used=1031Kb max_used=1037Kb free=4664Kb
 bounds [0x000001a31dd50000, 0x000001a31dfc0000, 0x000001a31e2e0000]
 total_blobs=470 nmethods=176 adapters=206
 compilation: enabled
              stopped_count=0, restarted_count=0
 full_count=0

Compilation events (10 events):
Event: 0.178 Thread 0x000001a335fdc000  169       3       java.util.concurrent.ConcurrentHashMap::casTabAt (21 bytes)
Event: 0.178 Thread 0x000001a335fdc000 nmethod 169 0x000001a31e312e10 code [0x000001a31e312fc0, 0x000001a31e313198]
Event: 0.179 Thread 0x000001a335fdc000  170       3       java.util.HashMap$ValueIterator::next (8 bytes)
Event: 0.179 Thread 0x000001a335fdc000 nmethod 170 0x000001a31e313210 code [0x000001a31e3133c0, 0x000001a31e313570]
Event: 0.180 Thread 0x000001a335fdc000  171       3       jdk.internal.module.ModuleBootstrap$2::hasNext (30 bytes)
Event: 0.180 Thread 0x000001a335fdc000 nmethod 171 0x000001a31e313610 code [0x000001a31e3137e0, 0x000001a31e313b80]
Event: 0.180 Thread 0x000001a335fdc000  172       3       jdk.internal.module.ModuleBootstrap$2::next (52 bytes)
Event: 0.181 Thread 0x000001a335fdc000 nmethod 172 0x000001a31e313c90 code [0x000001a31e313ea0, 0x000001a31e314450]
Event: 0.183 Thread 0x000001a335fdc000  174       1       java.lang.Module::getDescriptor (5 bytes)
Event: 0.183 Thread 0x000001a335fdc000 nmethod 174 0x000001a32581b890 code [0x000001a32581ba20, 0x000001a32581bb38]

GC Heap History (0 events):
No events

Deoptimization events (0 events):
No events

Classes redefined (0 events):
No events

Internal exceptions (0 events):
No events

Events (10 events):
Event: 0.179 loading class java/lang/ModuleLayer$Controller
Event: 0.179 loading class java/lang/ModuleLayer$Controller done
Event: 0.179 loading class jdk/internal/module/IllegalAccessLogger$Mode
Event: 0.179 loading class jdk/internal/module/IllegalAccessLogger$Mode done
Event: 0.179 loading class jdk/internal/module/IllegalAccessLogger$Builder
Event: 0.179 loading class jdk/internal/module/IllegalAccessLogger$Builder done
Event: 0.179 loading class jdk/internal/module/ModuleBootstrap$2
Event: 0.180 loading class jdk/internal/module/ModuleBootstrap$2 done
Event: 0.183 loading class jdk/internal/module/IllegalAccessLogger
Event: 0.185 loading class jdk/internal/module/IllegalAccessLogger done


Dynamic libraries:
0x00007ff6700e0000 - 0x00007ff6700e7000 	C:\Program Files\Java\jdk-11.0.8\bin\javac.exe
0x00007ffd81970000 - 0x00007ffd81b66000 	C:\WINDOWS\SYSTEM32\ntdll.dll
0x00007ffd814f0000 - 0x00007ffd815ad000 	C:\WINDOWS\System32\KERNEL32.DLL
0x00007ffd7f100000 - 0x00007ffd7f3c9000 	C:\WINDOWS\System32\KERNELBASE.dll
0x00007ffd7f430000 - 0x00007ffd7f530000 	C:\WINDOWS\System32\ucrtbase.dll
0x00007ffd7d0e0000 - 0x00007ffd7d0f5000 	C:\Program Files\Java\jdk-11.0.8\bin\VCRUNTIME140.dll
0x00007ffd7d210000 - 0x00007ffd7d228000 	C:\Program Files\Java\jdk-11.0.8\bin\jli.dll
0x00007ffd80dd0000 - 0x00007ffd80e7c000 	C:\WINDOWS\System32\ADVAPI32.dll
0x00007ffd81890000 - 0x00007ffd8192e000 	C:\WINDOWS\System32\msvcrt.dll
0x00007ffd7fc50000 - 0x00007ffd7fcec000 	C:\WINDOWS\System32\sechost.dll
0x00007ffd80940000 - 0x00007ffd80a6b000 	C:\WINDOWS\System32\RPCRT4.dll
0x00007ffd80ad0000 - 0x00007ffd80c70000 	C:\WINDOWS\System32\USER32.dll
0x00007ffd7f9a0000 - 0x00007ffd7f9c2000 	C:\WINDOWS\System32\win32u.dll
0x00007ffd81800000 - 0x00007ffd8182a000 	C:\WINDOWS\System32\GDI32.dll
0x00007ffd7f890000 - 0x00007ffd7f999000 	C:\WINDOWS\System32\gdi32full.dll
0x00007ffd7f740000 - 0x00007ffd7f7dd000 	C:\WINDOWS\System32\msvcp_win.dll
0x00007ffd747f0000 - 0x00007ffd74a8b000 	C:\WINDOWS\WinSxS\amd64_microsoft.windows.common-controls_6595b64144ccf1df_6.0.19041.488_none_ca04af081b815d21\COMCTL32.dll
0x00007ffd6d3a0000 - 0x00007ffd6d3aa000 	C:\WINDOWS\SYSTEM32\VERSION.dll
0x00007ffd816f0000 - 0x00007ffd81720000 	C:\WINDOWS\System32\IMM32.DLL
0x00007ffd61d00000 - 0x00007ffd61d9b000 	C:\Program Files\Java\jdk-11.0.8\bin\msvcp140.dll
0x00007ffd41730000 - 0x00007ffd42216000 	C:\Program Files\Java\jdk-11.0.8\bin\server\jvm.dll
0x00007ffd81720000 - 0x00007ffd81728000 	C:\WINDOWS\System32\PSAPI.DLL
0x00007ffd7d360000 - 0x00007ffd7d387000 	C:\WINDOWS\SYSTEM32\WINMM.dll
0x00007ffd64900000 - 0x00007ffd64909000 	C:\WINDOWS\SYSTEM32\WSOCK32.dll
0x00007ffd81730000 - 0x00007ffd8179b000 	C:\WINDOWS\System32\WS2_32.dll
0x00007ffd7ccb0000 - 0x00007ffd7ccc2000 	C:\WINDOWS\SYSTEM32\kernel.appcore.dll
0x00007ffd7e430000 - 0x00007ffd7e440000 	C:\Program Files\Java\jdk-11.0.8\bin\verify.dll
0x00007ffd7ebc0000 - 0x00007ffd7eda4000 	C:\WINDOWS\SYSTEM32\DBGHELP.DLL
0x00007ffd7e870000 - 0x00007ffd7e89c000 	C:\WINDOWS\SYSTEM32\dbgcore.DLL
0x00007ffd7f530000 - 0x00007ffd7f5b0000 	C:\WINDOWS\System32\bcryptPrimitives.dll
0x00007ffd79490000 - 0x00007ffd794b8000 	C:\Program Files\Java\jdk-11.0.8\bin\java.dll
0x00007ffd7d1b0000 - 0x00007ffd7d1ba000 	C:\Program Files\Java\jdk-11.0.8\bin\jimage.dll
0x00007ffd7cd10000 - 0x00007ffd7cd26000 	C:\Program Files\Java\jdk-11.0.8\bin\zip.dll
0x00007ffd801e0000 - 0x00007ffd80922000 	C:\WINDOWS\System32\SHELL32.dll
0x00007ffd7c510000 - 0x00007ffd7cca5000 	C:\WINDOWS\SYSTEM32\windows.storage.dll
0x00007ffd81100000 - 0x00007ffd81456000 	C:\WINDOWS\System32\combase.dll
0x00007ffd7e6d0000 - 0x00007ffd7e6fc000 	C:\WINDOWS\SYSTEM32\Wldp.dll
0x00007ffd80c70000 - 0x00007ffd80d1e000 	C:\WINDOWS\System32\SHCORE.dll
0x00007ffd81830000 - 0x00007ffd81885000 	C:\WINDOWS\System32\shlwapi.dll
0x00007ffd7efe0000 - 0x00007ffd7f006000 	C:\WINDOWS\SYSTEM32\profapi.dll

dbghelp: loaded successfully - version: 4.0.5 - missing functions: none
symbol engine: initialized successfully - sym options: 0x614 - pdb path: .;C:\Program Files\Java\jdk-11.0.8\bin;C:\WINDOWS\SYSTEM32;C:\WINDOWS\WinSxS\amd64_microsoft.windows.common-controls_6595b64144ccf1df_6.0.19041.488_none_ca04af081b815d21;C:\Program Files\Java\jdk-11.0.8\bin\server

VM Arguments:
jvm_args: -Dapplication.home=C:\Program Files\Java\jdk-11.0.8 --add-modules=ALL-DEFAULT -Xms8m -Djdk.module.main=jdk.compiler 
java_command: jdk.compiler/com.sun.tools.javac.Main -d C:\Users\Priyanshu Palliwal\Desktop\chatapp\ChatApplication\build\classes -classpath C:\Users\Priyanshu Palliwal\Desktop\chatapp\ChatApplication\build\classes -sourcepath C:\Users\Priyanshu Palliwal\Desktop\chatapp\ChatApplication\src -target 11 -encoding UTF-8 -g -processorpath C:\Users\Priyanshu Palliwal\Desktop\chatapp\ChatApplication\build\empty -s C:\Users\Priyanshu Palliwal\Desktop\chatapp\ChatApplication\build\generated-sources\ap-source-output -source 11 C:\Users\Priyanshu Palliwal\Desktop\chatapp\ChatApplication\src\chatapplication\Server.java
java_class_path (initial): <not set>
Launcher Type: SUN_STANDARD

[Global flags]
     intx CICompilerCount                          = 3                                         {product} {ergonomic}
     uint ConcGCThreads                            = 1                                         {product} {ergonomic}
     uint G1ConcRefinementThreads                  = 4                                         {product} {ergonomic}
   size_t G1HeapRegionSize                         = 1048576                                   {product} {ergonomic}
    uintx GCDrainStackTargetSize                   = 64                                        {product} {ergonomic}
   size_t InitialHeapSize                          = 8388608                                   {product} {command line}
   size_t MarkStackSize                            = 4194304                                   {product} {ergonomic}
   size_t MaxHeapSize                              = 2663383040                                {product} {ergonomic}
   size_t MaxNewSize                               = 1598029824                                {product} {ergonomic}
   size_t MinHeapDeltaBytes                        = 1048576                                   {product} {ergonomic}
    uintx NonNMethodCodeHeapSize                   = 5830732                                {pd product} {ergonomic}
    uintx NonProfiledCodeHeapSize                  = 122913754                              {pd product} {ergonomic}
    uintx ProfiledCodeHeapSize                     = 122913754                              {pd product} {ergonomic}
    uintx ReservedCodeCacheSize                    = 251658240                              {pd product} {ergonomic}
     bool SegmentedCodeCache                       = true                                      {product} {ergonomic}
     bool UseCompressedClassPointers               = true                                 {lp64_product} {ergonomic}
     bool UseCompressedOops                        = true                                 {lp64_product} {ergonomic}
     bool UseG1GC                                  = true                                      {product} {ergonomic}
     bool UseLargePagesIndividualAllocation        = false                                  {pd product} {ergonomic}

Logging:
Log output configuration:
 #0: stdout all=warning uptime,level,tags
 #1: stderr all=off uptime,level,tags

Environment Variables:
JAVA_HOME=C:\Program Files\Java\jdk-11.0.8
PATH=C:\Program Files\Common Files\Oracle\Java\javapath;C:\Python85\Scripts\;C:\Python85\;C:\WINDOWS\system32;C:\WINDOWS;C:\WINDOWS\System32\Wbem;C:\WINDOWS\System32\WindowsPowerShell\v1.0\;C:\WINDOWS\System32\OpenSSH\;C:\Program Files\dotnet\;C:\MinGW\bin;C:\Program Files\Git\cmd;C:\Users\Priyanshu Palliwal\AppData\Local\Programs\Python\Python38-32;C:\Users\Priyanshu Palliwal\AppData\Local\Microsoft\WindowsApps;C:\Program Files (x86)\mingw-w64\i686-8.1.0-posix-dwarf-rt_v6-rev0\mingw32\bin;C:\Users\Priyanshu Palliwal\.dotnet\tools;C:\Users\Priyanshu Palliwal\AppData\Local\Programs\Microsoft VS Code\bin;C:\Users\Priyanshu Palliwal\AppData\Local\GitHubDesktop\bin
USERNAME=Priyanshu Palliwal
OS=Windows_NT
PROCESSOR_IDENTIFIER=Intel64 Family 6 Model 60 Stepping 3, GenuineIntel



---------------  S Y S T E M  ---------------

OS: Windows 10 , 64 bit Build 19041 (10.0.19041.662)

CPU:total 4 (initial active 4) (2 cores per cpu, 2 threads per core) family 6 model 60 stepping 3, cmov, cx8, fxsr, mmx, sse, sse2, sse3, ssse3, sse4.1, sse4.2, popcnt, avx, avx2, aes, clmul, erms, lzcnt, ht, tsc, tscinvbit, bmi1, bmi2, fma

Memory: 4k page, system-wide physical 10153M (2830M free)
TotalPageFile size 32201M (AvailPageFile size 2M)
current process WorkingSet (physical memory assigned to process): 30M, peak: 30M
current process commit charge ("private bytes"): 71M, peak: 72M

vm_info: Java HotSpot(TM) 64-Bit Server VM (11.0.8+10-LTS) for windows-amd64 JRE (11.0.8+10-LTS), built on Jun 16 2020 05:53:08 by "mach5one" with unknown MS VC++:1916

END.
